[run_probe] variant=temporal_adalnzero ckpt=logs/ft-pesq20-3layer/checkpoints/epoch=09-val_pesq=1.494.ckpt train_steps=50000 eval_examples=200
[temporal_adalnzero] zero-step baseline eval start (n=200)
[temporal_adalnzero/zero_base] progress 10/200
[temporal_adalnzero/zero_base] progress 20/200
[temporal_adalnzero/zero_base] progress 30/200
[temporal_adalnzero/zero_base] progress 40/200
[temporal_adalnzero/zero_base] progress 50/200
[temporal_adalnzero/zero_base] progress 60/200
[temporal_adalnzero/zero_base] progress 70/200
[temporal_adalnzero/zero_base] progress 80/200
[temporal_adalnzero/zero_base] progress 90/200
[temporal_adalnzero/zero_base] progress 100/200
[temporal_adalnzero/zero_base] progress 110/200
[temporal_adalnzero/zero_base] progress 120/200
[temporal_adalnzero/zero_base] progress 130/200
[temporal_adalnzero/zero_base] progress 140/200
[temporal_adalnzero/zero_base] progress 150/200
[temporal_adalnzero/zero_base] progress 160/200
[temporal_adalnzero/zero_base] progress 170/200
[temporal_adalnzero/zero_base] progress 180/200
[temporal_adalnzero/zero_base] progress 190/200
[temporal_adalnzero/zero_base] progress 200/200
[temporal_adalnzero] zero-step adapter eval start (n=200)
[temporal_adalnzero/zero_adpt] progress 10/200
[temporal_adalnzero/zero_adpt] progress 20/200
[temporal_adalnzero/zero_adpt] progress 30/200
[temporal_adalnzero/zero_adpt] progress 40/200
[temporal_adalnzero/zero_adpt] progress 50/200
[temporal_adalnzero/zero_adpt] progress 60/200
[temporal_adalnzero/zero_adpt] progress 70/200
[temporal_adalnzero/zero_adpt] progress 80/200
[temporal_adalnzero/zero_adpt] progress 90/200
[temporal_adalnzero/zero_adpt] progress 100/200
[temporal_adalnzero/zero_adpt] progress 110/200
[temporal_adalnzero/zero_adpt] progress 120/200
[temporal_adalnzero/zero_adpt] progress 130/200
[temporal_adalnzero/zero_adpt] progress 140/200
[temporal_adalnzero/zero_adpt] progress 150/200
[temporal_adalnzero/zero_adpt] progress 160/200
[temporal_adalnzero/zero_adpt] progress 170/200
[temporal_adalnzero/zero_adpt] progress 180/200
[temporal_adalnzero/zero_adpt] progress 190/200
[temporal_adalnzero/zero_adpt] progress 200/200
[temporal_adalnzero] step=1/50000 total=6.9951 ce=8.7439 phase=1.5528 if=1.5408 w_phase=0.000 w_if=0.000
[temporal_adalnzero] step=20/50000 total=5.7504 ce=7.1880 phase=1.5562 if=1.5313 w_phase=0.000 w_if=0.000
[temporal_adalnzero/periodic] progress 8/8
[temporal_adalnzero] eval@20 n=8 pesq=1.0615 estoi=0.2872 sdr=-3.2044 prmse=1.8109
[temporal_adalnzero] step=40/50000 total=5.2438 ce=6.5548 phase=1.5523 if=1.5251 w_phase=0.000 w_if=0.000
[temporal_adalnzero/periodic] progress 8/8
[temporal_adalnzero] eval@40 n=8 pesq=1.0800 estoi=0.2826 sdr=-2.6319 prmse=1.8123
[temporal_adalnzero] step=60/50000 total=4.9621 ce=6.2027 phase=1.5532 if=1.5267 w_phase=0.000 w_if=0.000
[temporal_adalnzero/periodic] progress 8/8
[temporal_adalnzero] eval@60 n=8 pesq=1.0911 estoi=0.2955 sdr=-2.7762 prmse=1.8111
[temporal_adalnzero] step=80/50000 total=4.6825 ce=5.8532 phase=1.5518 if=1.5295 w_phase=0.000 w_if=0.000
[temporal_adalnzero/periodic] progress 8/8
[temporal_adalnzero] eval@80 n=8 pesq=1.0887 estoi=0.3221 sdr=-2.2449 prmse=1.8100
[temporal_adalnzero] step=100/50000 total=5.0154 ce=6.2692 phase=1.5672 if=1.5386 w_phase=0.000 w_if=0.000
[temporal_adalnzero/periodic] progress 8/8
[temporal_adalnzero] eval@100 n=8 pesq=1.1355 estoi=0.3320 sdr=-2.5103 prmse=1.8062
[temporal_adalnzero] step=120/50000 total=4.5508 ce=5.6884 phase=1.5330 if=1.5057 w_phase=0.000 w_if=0.000
[temporal_adalnzero/periodic] progress 8/8
[temporal_adalnzero] eval@120 n=8 pesq=1.1234 estoi=0.3233 sdr=-3.0992 prmse=1.8062
[temporal_adalnzero] step=140/50000 total=4.2033 ce=5.2541 phase=1.5114 if=1.4714 w_phase=0.000 w_if=0.000
[temporal_adalnzero/periodic] progress 8/8
[temporal_adalnzero] eval@140 n=8 pesq=1.0712 estoi=0.2650 sdr=-1.3550 prmse=1.8056
[temporal_adalnzero] step=160/50000 total=4.6713 ce=5.8392 phase=1.5378 if=1.5101 w_phase=0.000 w_if=0.000
[temporal_adalnzero/periodic] progress 8/8
[temporal_adalnzero] eval@160 n=8 pesq=1.1018 estoi=0.3278 sdr=-2.3732 prmse=1.8016
[temporal_adalnzero] step=180/50000 total=4.8512 ce=6.0640 phase=1.5347 if=1.5146 w_phase=0.000 w_if=0.000
[temporal_adalnzero/periodic] progress 8/8
[temporal_adalnzero] eval@180 n=8 pesq=1.0835 estoi=0.3305 sdr=-1.8499 prmse=1.8025
[temporal_adalnzero] step=200/50000 total=4.8050 ce=6.0063 phase=1.5459 if=1.5116 w_phase=0.000 w_if=0.000
[temporal_adalnzero/periodic] progress 8/8
[temporal_adalnzero] eval@200 n=8 pesq=1.0886 estoi=0.3321 sdr=-1.8881 prmse=1.8033
[temporal_adalnzero] step=220/50000 total=4.0303 ce=5.0378 phase=1.5143 if=1.4685 w_phase=0.000 w_if=0.000
[temporal_adalnzero/periodic] progress 8/8
[temporal_adalnzero] eval@220 n=8 pesq=1.0963 estoi=0.3447 sdr=-2.3778 prmse=1.7997
[temporal_adalnzero] step=240/50000 total=4.3531 ce=5.4414 phase=1.5251 if=1.4909 w_phase=0.000 w_if=0.000
[temporal_adalnzero/periodic] progress 8/8
[temporal_adalnzero] eval@240 n=8 pesq=1.0836 estoi=0.3480 sdr=-1.3724 prmse=1.7984
[temporal_adalnzero] step=260/50000 total=4.4030 ce=5.5038 phase=1.5207 if=1.4931 w_phase=0.000 w_if=0.000
[temporal_adalnzero/periodic] progress 8/8
[temporal_adalnzero] eval@260 n=8 pesq=1.1074 estoi=0.3656 sdr=-1.8015 prmse=1.7983
[temporal_adalnzero] step=280/50000 total=4.6691 ce=5.8364 phase=1.5349 if=1.5032 w_phase=0.000 w_if=0.000
[temporal_adalnzero/periodic] progress 8/8
[temporal_adalnzero] eval@280 n=8 pesq=1.0993 estoi=0.3808 sdr=-1.8315 prmse=1.7966
[temporal_adalnzero] step=300/50000 total=4.4037 ce=5.5046 phase=1.5027 if=1.4606 w_phase=0.000 w_if=0.000
[temporal_adalnzero/periodic] progress 8/8
[temporal_adalnzero] eval@300 n=8 pesq=1.1048 estoi=0.3923 sdr=-1.7736 prmse=1.7986
[temporal_adalnzero] step=320/50000 total=4.7514 ce=5.9393 phase=1.5445 if=1.5093 w_phase=0.000 w_if=0.000
[temporal_adalnzero/periodic] progress 8/8
[temporal_adalnzero] eval@320 n=8 pesq=1.1062 estoi=0.3837 sdr=-2.2132 prmse=1.7997
[temporal_adalnzero] step=340/50000 total=4.4903 ce=5.6129 phase=1.5079 if=1.4754 w_phase=0.000 w_if=0.000
[temporal_adalnzero/periodic] progress 8/8
[temporal_adalnzero] eval@340 n=8 pesq=1.2000 estoi=0.4080 sdr=-1.9127 prmse=1.8019
[temporal_adalnzero] step=360/50000 total=4.3923 ce=5.4903 phase=1.4997 if=1.4639 w_phase=0.000 w_if=0.000
[temporal_adalnzero/periodic] progress 8/8
[temporal_adalnzero] eval@360 n=8 pesq=1.1386 estoi=0.4529 sdr=-1.8464 prmse=1.7936
[temporal_adalnzero] step=380/50000 total=4.5592 ce=5.6990 phase=1.5295 if=1.4923 w_phase=0.000 w_if=0.000
[temporal_adalnzero/periodic] progress 8/8
[temporal_adalnzero] eval@380 n=8 pesq=1.1267 estoi=0.4446 sdr=-2.1322 prmse=1.7955
[temporal_adalnzero] step=400/50000 total=4.3040 ce=5.3800 phase=1.5076 if=1.4718 w_phase=0.000 w_if=0.000
[temporal_adalnzero/periodic] progress 8/8
[temporal_adalnzero] eval@400 n=8 pesq=1.1172 estoi=0.4425 sdr=-1.7815 prmse=1.7957
[temporal_adalnzero] step=420/50000 total=4.5469 ce=5.6836 phase=1.5359 if=1.5103 w_phase=0.000 w_if=0.000
[temporal_adalnzero/periodic] progress 8/8
[temporal_adalnzero] eval@420 n=8 pesq=1.1461 estoi=0.4385 sdr=-1.6169 prmse=1.7935
[temporal_adalnzero] step=440/50000 total=4.3011 ce=5.3763 phase=1.5163 if=1.4840 w_phase=0.000 w_if=0.000
[temporal_adalnzero/periodic] progress 8/8
[temporal_adalnzero] eval@440 n=8 pesq=1.1486 estoi=0.4595 sdr=-1.5660 prmse=1.7924
[temporal_adalnzero] step=460/50000 total=3.8354 ce=4.7943 phase=1.4856 if=1.4418 w_phase=0.000 w_if=0.000
[temporal_adalnzero/periodic] progress 8/8
[temporal_adalnzero] eval@460 n=8 pesq=1.1853 estoi=0.4860 sdr=-1.4508 prmse=1.7927
[temporal_adalnzero] step=480/50000 total=4.4271 ce=5.5339 phase=1.5066 if=1.4782 w_phase=0.000 w_if=0.000
[temporal_adalnzero/periodic] progress 8/8
[temporal_adalnzero] eval@480 n=8 pesq=1.1910 estoi=0.5053 sdr=-0.7758 prmse=1.7889
[temporal_adalnzero] step=500/50000 total=4.5348 ce=5.6685 phase=1.5125 if=1.4806 w_phase=0.000 w_if=0.000
[temporal_adalnzero/periodic] progress 8/8
[temporal_adalnzero] eval@500 n=8 pesq=1.1815 estoi=0.4932 sdr=-1.3090 prmse=1.7878
[temporal_adalnzero] step=520/50000 total=4.4080 ce=5.5100 phase=1.4929 if=1.4701 w_phase=0.000 w_if=0.000
[temporal_adalnzero/periodic] progress 8/8
[temporal_adalnzero] eval@520 n=8 pesq=1.1807 estoi=0.5056 sdr=-1.1815 prmse=1.7881
[temporal_adalnzero] step=540/50000 total=4.3906 ce=5.4882 phase=1.5058 if=1.4836 w_phase=0.000 w_if=0.000
[temporal_adalnzero/periodic] progress 8/8
[temporal_adalnzero] eval@540 n=8 pesq=1.2071 estoi=0.5228 sdr=-0.9270 prmse=1.7905
[temporal_adalnzero] step=560/50000 total=4.2047 ce=5.2558 phase=1.5003 if=1.4535 w_phase=0.000 w_if=0.000
[temporal_adalnzero/periodic] progress 8/8
[temporal_adalnzero] eval@560 n=8 pesq=1.1973 estoi=0.5108 sdr=-1.3327 prmse=1.7906
[temporal_adalnzero] step=580/50000 total=4.2630 ce=5.3288 phase=1.4851 if=1.4584 w_phase=0.000 w_if=0.000
[temporal_adalnzero/periodic] progress 8/8
[temporal_adalnzero] eval@580 n=8 pesq=1.1997 estoi=0.4810 sdr=-0.8969 prmse=1.7901
[temporal_adalnzero] step=600/50000 total=4.5378 ce=5.6723 phase=1.4985 if=1.4680 w_phase=0.000 w_if=0.000
[temporal_adalnzero/periodic] progress 8/8
[temporal_adalnzero] eval@600 n=8 pesq=1.1921 estoi=0.5139 sdr=-0.9169 prmse=1.7893
[temporal_adalnzero] step=620/50000 total=4.6479 ce=5.5113 phase=1.5019 if=1.4788 w_phase=0.100 w_if=0.060
[temporal_adalnzero/periodic] progress 8/8
[temporal_adalnzero] eval@620 n=8 pesq=1.2194 estoi=0.5323 sdr=-1.7390 prmse=1.7910
[temporal_adalnzero] step=640/50000 total=4.5386 ce=5.3745 phase=1.5061 if=1.4735 w_phase=0.100 w_if=0.060
[temporal_adalnzero/periodic] progress 8/8
[temporal_adalnzero] eval@640 n=8 pesq=1.1966 estoi=0.5242 sdr=-1.8171 prmse=1.7906
